# JRE version: OpenJDK Runtime Environment Temurin-21.0.10+7 (21.0.10+7) (build 21.0.10+7-LTS)
# Java VM: OpenJDK 64-Bit Server VM Temurin-21.0.10+7 (21.0.10+7-LTS, mixed mode, sharing, tiered, compressed oops, compressed class ptrs, parallel gc, windows-amd64)
GC Precious Log:
 CardTable entry size: 512
 CPUs: 20 total, 20 available
 Memory: 16068M
 Large Page Support: Disabled
 NUMA Support: Disabled
 Compressed Oops: Enabled (32-bit)
 Alignments: Space 512K, Generation 512K, Heap 2M
 Heap Min Capacity: 100M
 Heap Initial Capacity: 100M
 Heap Max Capacity: 2G
 Pre-touch: Disabled
 Parallel Workers: 15
Heap:
 PSYoungGen      total 5120K, used 1261K [0x00000000d5580000, 0x00000000d5d00000, 0x0000000100000000)
  eden space 4096K, 17% used [0x00000000d5580000,0x00000000d56375a8,0x00000000d5980000)
  from space 1024K, 51% used [0x00000000d5a80000,0x00000000d5b04010,0x00000000d5b80000)
  to   space 1024K, 0% used [0x00000000d5c00000,0x00000000d5c00000,0x00000000d5d00000)
 ParOldGen       total 91648K, used 71926K [0x0000000080000000, 0x0000000085980000, 0x00000000d5580000)
  object space 91648K, 78% used [0x0000000080000000,0x000000008463d910,0x0000000085980000)
 Metaspace       used 79342K, committed 81600K, reserved 1179648K
  class space    used 8157K, committed 9088K, reserved 1048576K
GC Heap History (20 events):
Event: 68437.950 GC heap before
{Heap before GC invocations=130 (full 3):
 PSYoungGen      total 5120K, used 5088K [0x00000000d5580000, 0x00000000d5f00000, 0x0000000100000000)
  eden space 4096K, 100% used [0x00000000d5580000,0x00000000d5980000,0x00000000d5980000)
  from space 1024K, 96% used [0x00000000d5e00000,0x00000000d5ef8000,0x00000000d5f00000)
  to   space 2560K, 0% used [0x00000000d5a00000,0x00000000d5a00000,0x00000000d5c80000)
 ParOldGen       total 144896K, used 144853K [0x0000000080000000, 0x0000000088d80000, 0x00000000d5580000)
  object space 144896K, 99% used [0x0000000080000000,0x0000000088d75650,0x0000000088d80000)
 Metaspace       used 79772K, committed 81600K, reserved 1179648K
  class space    used 8296K, committed 9088K, reserved 1048576K
}
Event: 68437.953 GC heap after
{Heap after GC invocations=130 (full 3):
 PSYoungGen      total 6656K, used 880K [0x00000000d5580000, 0x00000000d5e80000, 0x0000000100000000)
  eden space 4096K, 0% used [0x00000000d5580000,0x00000000d5580000,0x00000000d5980000)
  from space 2560K, 34% used [0x00000000d5a00000,0x00000000d5adc010,0x00000000d5c80000)
  to   space 1536K, 0% used [0x00000000d5d00000,0x00000000d5d00000,0x00000000d5e80000)
 ParOldGen       total 145920K, used 145629K [0x0000000080000000, 0x0000000088e80000, 0x00000000d5580000)
  object space 145920K, 99% used [0x0000000080000000,0x0000000088e37650,0x0000000088e80000)
 Metaspace       used 79772K, committed 81600K, reserved 1179648K
  class space    used 8296K, committed 9088K, reserved 1048576K
}
Event: 68437.968 GC heap before
{Heap before GC invocations=131 (full 3):
 PSYoungGen      total 6656K, used 4976K [0x00000000d5580000, 0x00000000d5e80000, 0x0000000100000000)
  eden space 4096K, 100% used [0x00000000d5580000,0x00000000d5980000,0x00000000d5980000)
  from space 2560K, 34% used [0x00000000d5a00000,0x00000000d5adc010,0x00000000d5c80000)
  to   space 1536K, 0% used [0x00000000d5d00000,0x00000000d5d00000,0x00000000d5e80000)
 ParOldGen       total 145920K, used 145629K [0x0000000080000000, 0x0000000088e80000, 0x00000000d5580000)
  object space 145920K, 99% used [0x0000000080000000,0x0000000088e37650,0x0000000088e80000)
 Metaspace       used 79776K, committed 81600K, reserved 1179648K
  class space    used 8296K, committed 9088K, reserved 1048576K
}
Event: 68437.971 GC heap after
{Heap after GC invocations=131 (full 3):
 PSYoungGen      total 5120K, used 640K [0x00000000d5580000, 0x00000000d5e00000, 0x0000000100000000)
  eden space 4096K, 0% used [0x00000000d5580000,0x00000000d5580000,0x00000000d5980000)
  from space 1024K, 62% used [0x00000000d5d00000,0x00000000d5da0020,0x00000000d5e00000)
  to   space 1024K, 0% used [0x00000000d5c00000,0x00000000d5c00000,0x00000000d5d00000)
 ParOldGen       total 146432K, used 146265K [0x0000000080000000, 0x0000000088f00000, 0x00000000d5580000)
  object space 146432K, 99% used [0x0000000080000000,0x0000000088ed66a0,0x0000000088f00000)
 Metaspace       used 79776K, committed 81600K, reserved 1179648K
  class space    used 8296K, committed 9088K, reserved 1048576K
}
Event: 68439.036 GC heap before
{Heap before GC invocations=132 (full 3):
 PSYoungGen      total 5120K, used 4736K [0x00000000d5580000, 0x00000000d5e00000, 0x0000000100000000)
  eden space 4096K, 100% used [0x00000000d5580000,0x00000000d5980000,0x00000000d5980000)
  from space 1024K, 62% used [0x00000000d5d00000,0x00000000d5da0020,0x00000000d5e00000)
  to   space 1024K, 0% used [0x00000000d5c00000,0x00000000d5c00000,0x00000000d5d00000)
 ParOldGen       total 146432K, used 146265K [0x0000000080000000, 0x0000000088f00000, 0x00000000d5580000)
  object space 146432K, 99% used [0x0000000080000000,0x0000000088ed66a0,0x0000000088f00000)
 Metaspace       used 79817K, committed 81600K, reserved 1179648K
  class space    used 8296K, committed 9088K, reserved 1048576K
}
Event: 68439.043 GC heap after
{Heap after GC invocations=132 (full 3):
 PSYoungGen      total 5120K, used 576K [0x00000000d5580000, 0x00000000d5d80000, 0x0000000100000000)
  eden space 4096K, 0% used [0x00000000d5580000,0x00000000d5580000,0x00000000d5980000)
  from space 1024K, 56% used [0x00000000d5c00000,0x00000000d5c90020,0x00000000d5d00000)
  to   space 512K, 0% used [0x00000000d5d00000,0x00000000d5d00000,0x00000000d5d80000)
 ParOldGen       total 146944K, used 146689K [0x0000000080000000, 0x0000000088f80000, 0x00000000d5580000)
  object space 146944K, 99% used [0x0000000080000000,0x0000000088f406e0,0x0000000088f80000)
 Metaspace       used 79817K, committed 81600K, reserved 1179648K
  class space    used 8296K, committed 9088K, reserved 1048576K
}
Event: 68446.269 GC heap before
{Heap before GC invocations=133 (full 3):
 PSYoungGen      total 5120K, used 4605K [0x00000000d5580000, 0x00000000d5d80000, 0x0000000100000000)
  eden space 4096K, 98% used [0x00000000d5580000,0x00000000d596f520,0x00000000d5980000)
  from space 1024K, 56% used [0x00000000d5c00000,0x00000000d5c90020,0x00000000d5d00000)
  to   space 512K, 0% used [0x00000000d5d00000,0x00000000d5d00000,0x00000000d5d80000)
 ParOldGen       total 146944K, used 146689K [0x0000000080000000, 0x0000000088f80000, 0x00000000d5580000)
  object space 146944K, 99% used [0x0000000080000000,0x0000000088f406e0,0x0000000088f80000)
 Metaspace       used 79827K, committed 81600K, reserved 1179648K
  class space    used 8296K, committed 9088K, reserved 1048576K
}
Event: 68451.308 GC heap after
{Heap after GC invocations=133 (full 3):
 PSYoungGen      total 5120K, used 4605K [0x00000000d5580000, 0x00000000d5d80000, 0x0000000100000000)
  eden space 4096K, 98% used [0x00000000d5580000,0x00000000d596f520,0x00000000d5980000)
  from space 1024K, 56% used [0x00000000d5c00000,0x00000000d5c90020,0x00000000d5d00000)
  to   space 512K, 98% used [0x00000000d5d00000,0x00000000d5d7e760,0x00000000d5d80000)
 ParOldGen       total 147968K, used 147486K [0x0000000080000000, 0x0000000089080000, 0x00000000d5580000)
  object space 147968K, 99% used [0x0000000080000000,0x0000000089007bb8,0x0000000089080000)
 Metaspace       used 79827K, committed 81600K, reserved 1179648K
  class space    used 8296K, committed 9088K, reserved 1048576K
}
Event: 68451.309 GC heap before
{Heap before GC invocations=134 (full 4):
 PSYoungGen      total 5120K, used 4605K [0x00000000d5580000, 0x00000000d5d80000, 0x0000000100000000)
  eden space 4096K, 98% used [0x00000000d5580000,0x00000000d596f520,0x00000000d5980000)
  from space 1024K, 56% used [0x00000000d5c00000,0x00000000d5c90020,0x00000000d5d00000)
  to   space 512K, 98% used [0x00000000d5d00000,0x00000000d5d7e760,0x00000000d5d80000)
 ParOldGen       total 147968K, used 147486K [0x0000000080000000, 0x0000000089080000, 0x00000000d5580000)
  object space 147968K, 99% used [0x0000000080000000,0x0000000089007bb8,0x0000000089080000)
 Metaspace       used 79827K, committed 81600K, reserved 1179648K
  class space    used 8296K, committed 9088K, reserved 1048576K
}
Event: 68452.337 GC heap after
{Heap after GC invocations=134 (full 4):
 PSYoungGen      total 4608K, used 0K [0x00000000d5580000, 0x00000000d5d80000, 0x0000000100000000)
  eden space 4096K, 0% used [0x00000000d5580000,0x00000000d5580000,0x00000000d5980000)
  from space 512K, 0% used [0x00000000d5d00000,0x00000000d5d00000,0x00000000d5d80000)
  to   space 1024K, 0% used [0x00000000d5b80000,0x00000000d5b80000,0x00000000d5c80000)
 ParOldGen       total 91648K, used 66076K [0x0000000080000000, 0x0000000085980000, 0x00000000d5580000)
  object space 91648K, 72% used [0x0000000080000000,0x0000000084087018,0x0000000085980000)
 Metaspace       used 79276K, committed 81600K, reserved 1179648K
  class space    used 8157K, committed 9088K, reserved 1048576K
}
Event: 68452.382 GC heap before
{Heap before GC invocations=135 (full 4):
 PSYoungGen      total 4608K, used 4096K [0x00000000d5580000, 0x00000000d5d80000, 0x0000000100000000)
  eden space 4096K, 100% used [0x00000000d5580000,0x00000000d5980000,0x00000000d5980000)
  from space 512K, 0% used [0x00000000d5d00000,0x00000000d5d00000,0x00000000d5d80000)
  to   space 1024K, 0% used [0x00000000d5b80000,0x00000000d5b80000,0x00000000d5c80000)
 ParOldGen       total 91648K, used 66076K [0x0000000080000000, 0x0000000085980000, 0x00000000d5580000)
  object space 91648K, 72% used [0x0000000080000000,0x0000000084087018,0x0000000085980000)
 Metaspace       used 79276K, committed 81600K, reserved 1179648K
  class space    used 8157K, committed 9088K, reserved 1048576K
}
Event: 68452.384 GC heap after
{Heap after GC invocations=135 (full 4):
 PSYoungGen      total 5120K, used 1006K [0x00000000d5580000, 0x00000000d6180000, 0x0000000100000000)
  eden space 4096K, 0% used [0x00000000d5580000,0x00000000d5580000,0x00000000d5980000)
  from space 1024K, 98% used [0x00000000d5b80000,0x00000000d5c7b860,0x00000000d5c80000)
  to   space 4096K, 0% used [0x00000000d5d80000,0x00000000d5d80000,0x00000000d6180000)
 ParOldGen       total 91648K, used 68530K [0x0000000080000000, 0x0000000085980000, 0x00000000d5580000)
  object space 91648K, 74% used [0x0000000080000000,0x00000000842eca58,0x0000000085980000)
 Metaspace       used 79276K, committed 81600K, reserved 1179648K
  class space    used 8157K, committed 9088K, reserved 1048576K
}
Event: 68452.419 GC heap before
{Heap before GC invocations=136 (full 4):
 PSYoungGen      total 5120K, used 5102K [0x00000000d5580000, 0x00000000d6180000, 0x0000000100000000)
  eden space 4096K, 100% used [0x00000000d5580000,0x00000000d5980000,0x00000000d5980000)
  from space 1024K, 98% used [0x00000000d5b80000,0x00000000d5c7b860,0x00000000d5c80000)
  to   space 4096K, 0% used [0x00000000d5d80000,0x00000000d5d80000,0x00000000d6180000)
 ParOldGen       total 91648K, used 68530K [0x0000000080000000, 0x0000000085980000, 0x00000000d5580000)
  object space 91648K, 74% used [0x0000000080000000,0x00000000842eca58,0x0000000085980000)
 Metaspace       used 79286K, committed 81600K, reserved 1179648K
  class space    used 8157K, committed 9088K, reserved 1048576K
}
Event: 68452.420 GC heap after
{Heap after GC invocations=136 (full 4):
 PSYoungGen      total 6144K, used 1551K [0x00000000d5580000, 0x00000000d5f80000, 0x0000000100000000)
  eden space 4096K, 0% used [0x00000000d5580000,0x00000000d5580000,0x00000000d5980000)
  from space 2048K, 75% used [0x00000000d5d80000,0x00000000d5f03e48,0x00000000d5f80000)
  to   space 2560K, 0% used [0x00000000d5a80000,0x00000000d5a80000,0x00000000d5d00000)
 ParOldGen       total 91648K, used 69569K [0x0000000080000000, 0x0000000085980000, 0x00000000d5580000)
  object space 91648K, 75% used [0x0000000080000000,0x00000000843f04a8,0x0000000085980000)
 Metaspace       used 79286K, committed 81600K, reserved 1179648K
  class space    used 8157K, committed 9088K, reserved 1048576K
}
Event: 68452.465 GC heap before
{Heap before GC invocations=137 (full 4):
 PSYoungGen      total 6144K, used 5647K [0x00000000d5580000, 0x00000000d5f80000, 0x0000000100000000)
  eden space 4096K, 100% used [0x00000000d5580000,0x00000000d5980000,0x00000000d5980000)
  from space 2048K, 75% used [0x00000000d5d80000,0x00000000d5f03e48,0x00000000d5f80000)
  to   space 2560K, 0% used [0x00000000d5a80000,0x00000000d5a80000,0x00000000d5d00000)
 ParOldGen       total 91648K, used 69569K [0x0000000080000000, 0x0000000085980000, 0x00000000d5580000)
  object space 91648K, 75% used [0x0000000080000000,0x00000000843f04a8,0x0000000085980000)
 Metaspace       used 79300K, committed 81600K, reserved 1179648K
  class space    used 8157K, committed 9088K, reserved 1048576K
}
Event: 68452.471 GC heap after
{Heap after GC invocations=137 (full 4):
 PSYoungGen      total 5120K, used 784K [0x00000000d5580000, 0x00000000d5e00000, 0x0000000100000000)
  eden space 4096K, 0% used [0x00000000d5580000,0x00000000d5580000,0x00000000d5980000)
  from space 1024K, 76% used [0x00000000d5a80000,0x00000000d5b44010,0x00000000d5b80000)
  to   space 1536K, 0% used [0x00000000d5c80000,0x00000000d5c80000,0x00000000d5e00000)
 ParOldGen       total 91648K, used 70910K [0x0000000080000000, 0x0000000085980000, 0x00000000d5580000)
  object space 91648K, 77% used [0x0000000080000000,0x000000008453f8b0,0x0000000085980000)
 Metaspace       used 79300K, committed 81600K, reserved 1179648K
  class space    used 8157K, committed 9088K, reserved 1048576K
}
Event: 68452.496 GC heap before
{Heap before GC invocations=138 (full 4):
 PSYoungGen      total 5120K, used 4880K [0x00000000d5580000, 0x00000000d5e00000, 0x0000000100000000)
  eden space 4096K, 100% used [0x00000000d5580000,0x00000000d5980000,0x00000000d5980000)
  from space 1024K, 76% used [0x00000000d5a80000,0x00000000d5b44010,0x00000000d5b80000)
  to   space 1536K, 0% used [0x00000000d5c80000,0x00000000d5c80000,0x00000000d5e00000)
 ParOldGen       total 91648K, used 70910K [0x0000000080000000, 0x0000000085980000, 0x00000000d5580000)
  object space 91648K, 77% used [0x0000000080000000,0x000000008453f8b0,0x0000000085980000)
 Metaspace       used 79311K, committed 81600K, reserved 1179648K
  class space    used 8157K, committed 9088K, reserved 1048576K
}
Event: 68452.498 GC heap after
{Heap after GC invocations=138 (full 4):
 PSYoungGen      total 5120K, used 736K [0x00000000d5580000, 0x00000000d5d80000, 0x0000000100000000)
  eden space 4096K, 0% used [0x00000000d5580000,0x00000000d5580000,0x00000000d5980000)
  from space 1024K, 71% used [0x00000000d5c80000,0x00000000d5d38000,0x00000000d5d80000)
  to   space 1024K, 0% used [0x00000000d5a80000,0x00000000d5a80000,0x00000000d5b80000)
 ParOldGen       total 91648K, used 71438K [0x0000000080000000, 0x0000000085980000, 0x00000000d5580000)
  object space 91648K, 77% used [0x0000000080000000,0x00000000845c38f0,0x0000000085980000)
 Metaspace       used 79311K, committed 81600K, reserved 1179648K
  class space    used 8157K, committed 9088K, reserved 1048576K
}
Event: 68452.542 GC heap before
{Heap before GC invocations=139 (full 4):
 PSYoungGen      total 5120K, used 4832K [0x00000000d5580000, 0x00000000d5d80000, 0x0000000100000000)
  eden space 4096K, 100% used [0x00000000d5580000,0x00000000d5980000,0x00000000d5980000)
  from space 1024K, 71% used [0x00000000d5c80000,0x00000000d5d38000,0x00000000d5d80000)
  to   space 1024K, 0% used [0x00000000d5a80000,0x00000000d5a80000,0x00000000d5b80000)
 ParOldGen       total 91648K, used 71438K [0x0000000080000000, 0x0000000085980000, 0x00000000d5580000)
  object space 91648K, 77% used [0x0000000080000000,0x00000000845c38f0,0x0000000085980000)
 Metaspace       used 79332K, committed 81600K, reserved 1179648K
  class space    used 8157K, committed 9088K, reserved 1048576K
}
Event: 68452.544 GC heap after
{Heap after GC invocations=139 (full 4):
 PSYoungGen      total 5120K, used 528K [0x00000000d5580000, 0x00000000d5d00000, 0x0000000100000000)
  eden space 4096K, 0% used [0x00000000d5580000,0x00000000d5580000,0x00000000d5980000)
  from space 1024K, 51% used [0x00000000d5a80000,0x00000000d5b04010,0x00000000d5b80000)
  to   space 1024K, 0% used [0x00000000d5c00000,0x00000000d5c00000,0x00000000d5d00000)
 ParOldGen       total 91648K, used 71926K [0x0000000080000000, 0x0000000085980000, 0x00000000d5580000)
  object space 91648K, 78% used [0x0000000080000000,0x000000008463d910,0x0000000085980000)
 Metaspace       used 79332K, committed 81600K, reserved 1179648K
  class space    used 8157K, committed 9088K, reserved 1048576K
}

